DemoProject/Library/Bee/Android/Prj/Mono2x/Gradle/launcher/build/intermediates/manifest_merge_blame_file/release/manifest-merger-blame-release-report.txt
1<?xml version="1.0" encoding="utf-8"?>
2<manifest xmlns:android="http://schemas.android.com/apk/res/android"
3    package="com.BooBooGames.FunZone3D"
4    android:installLocation="preferExternal"
5    android:versionCode="1"
6    android:versionName="0.1" >
7
8    <uses-sdk
9        android:minSdkVersion="23"
9-->src\main\AndroidManifest.xml
10        android:targetSdkVersion="32" />
10-->src\main\AndroidManifest.xml
11
12    <supports-screens
12-->src\main\AndroidManifest.xml:4:3-163
13        android:anyDensity="true"
13-->src\main\AndroidManifest.xml:4:135-160
14        android:largeScreens="true"
14-->src\main\AndroidManifest.xml:4:78-105
15        android:normalScreens="true"
15-->src\main\AndroidManifest.xml:4:49-77
16        android:smallScreens="true"
16-->src\main\AndroidManifest.xml:4:21-48
17        android:xlargeScreens="true" />
17-->src\main\AndroidManifest.xml:4:106-134
18
19    <uses-feature android:glEsVersion="0x00030000" />
19-->[:unityLibrary] AndroidManifest.xml:10:5-54
19-->[:unityLibrary] AndroidManifest.xml:10:19-51
20    <uses-feature
20-->[:unityLibrary] AndroidManifest.xml:11:5-13:36
21        android:name="android.hardware.vulkan.version"
21-->[:unityLibrary] AndroidManifest.xml:12:9-55
22        android:required="false" />
22-->[:unityLibrary] AndroidManifest.xml:13:9-33
23    <uses-feature
23-->[:unityLibrary] AndroidManifest.xml:14:5-16:36
24        android:name="android.hardware.touchscreen"
24-->[:unityLibrary] AndroidManifest.xml:15:9-52
25        android:required="false" />
25-->[:unityLibrary] AndroidManifest.xml:16:9-33
26    <uses-feature
26-->[:unityLibrary] AndroidManifest.xml:17:5-19:36
27        android:name="android.hardware.touchscreen.multitouch"
27-->[:unityLibrary] AndroidManifest.xml:18:9-63
28        android:required="false" />
28-->[:unityLibrary] AndroidManifest.xml:19:9-33
29    <uses-feature
29-->[:unityLibrary] AndroidManifest.xml:20:5-22:36
30        android:name="android.hardware.touchscreen.multitouch.distinct"
30-->[:unityLibrary] AndroidManifest.xml:21:9-72
31        android:required="false" />
31-->[:unityLibrary] AndroidManifest.xml:22:9-33
32
33    <application
33-->src\main\AndroidManifest.xml:3:3-83
34        android:extractNativeLibs="true"
34-->[:unityLibrary] AndroidManifest.xml:24:18-50
35        android:icon="@mipmap/app_icon"
35-->src\main\AndroidManifest.xml:3:49-80
36        android:label="@string/app_name" >
36-->src\main\AndroidManifest.xml:3:16-48
37        <meta-data
37-->[:unityLibrary] AndroidManifest.xml:25:9-27:33
38            android:name="unity.splash-mode"
38-->[:unityLibrary] AndroidManifest.xml:26:13-45
39            android:value="0" />
39-->[:unityLibrary] AndroidManifest.xml:27:13-30
40        <meta-data
40-->[:unityLibrary] AndroidManifest.xml:28:9-30:36
41            android:name="unity.splash-enable"
41-->[:unityLibrary] AndroidManifest.xml:29:13-47
42            android:value="True" />
42-->[:unityLibrary] AndroidManifest.xml:30:13-33
43        <meta-data
43-->[:unityLibrary] AndroidManifest.xml:31:9-33:36
44            android:name="unity.launch-fullscreen"
44-->[:unityLibrary] AndroidManifest.xml:32:13-51
45            android:value="True" />
45-->[:unityLibrary] AndroidManifest.xml:33:13-33
46        <meta-data
46-->[:unityLibrary] AndroidManifest.xml:34:9-36:37
47            android:name="unity.allow-resizable-window"
47-->[:unityLibrary] AndroidManifest.xml:35:13-56
48            android:value="False" />
48-->[:unityLibrary] AndroidManifest.xml:36:13-34
49
50        <activity
50-->[:unityLibrary] AndroidManifest.xml:38:9-56:20
51            android:name="com.unity3d.player.UnityPlayerActivity"
51-->[:unityLibrary] AndroidManifest.xml:39:13-66
52            android:configChanges="mcc|mnc|locale|touchscreen|keyboard|keyboardHidden|navigation|orientation|screenLayout|uiMode|screenSize|smallestScreenSize|fontScale|layoutDirection|density"
52-->[:unityLibrary] AndroidManifest.xml:40:13-194
53            android:exported="true"
53-->[:unityLibrary] AndroidManifest.xml:41:13-36
54            android:hardwareAccelerated="false"
54-->[:unityLibrary] AndroidManifest.xml:42:13-48
55            android:launchMode="singleTask"
55-->[:unityLibrary] AndroidManifest.xml:43:13-44
56            android:resizeableActivity="false"
56-->[:unityLibrary] AndroidManifest.xml:44:13-47
57            android:screenOrientation="portrait"
57-->[:unityLibrary] AndroidManifest.xml:45:13-49
58            android:theme="@style/UnityThemeSelector" >
58-->[:unityLibrary] AndroidManifest.xml:46:13-54
59            <intent-filter>
59-->[:unityLibrary] AndroidManifest.xml:47:13-51:29
60                <category android:name="android.intent.category.LAUNCHER" />
60-->[:unityLibrary] AndroidManifest.xml:48:17-77
60-->[:unityLibrary] AndroidManifest.xml:48:27-74
61
62                <action android:name="android.intent.action.MAIN" />
62-->[:unityLibrary] AndroidManifest.xml:50:17-69
62-->[:unityLibrary] AndroidManifest.xml:50:25-66
63            </intent-filter>
64
65            <meta-data
65-->[:unityLibrary] AndroidManifest.xml:53:13-55:40
66                android:name="unityplayer.UnityActivity"
66-->[:unityLibrary] AndroidManifest.xml:54:17-57
67                android:value="true" />
67-->[:unityLibrary] AndroidManifest.xml:55:17-37
68        </activity>
69    </application>
70
71</manifest>